#
# An unexpected error has been detected by Java Runtime Environment:
#
# java.lang.OutOfMemoryError: requested 152 bytes for CHeapObj-new. Out of swap space?
#
#  Internal Error (allocation.inline.hpp:42), pid=17097, tid=586402672
#  Error: CHeapObj-new
#
# Java VM: Java HotSpot(TM) Server VM (11.0-b16 mixed mode linux-x86)
# If you would like to submit a bug report, please visit:
#   http://java.sun.com/webapps/bugreport/crash.jsp
#

---------------  T H R E A D  ---------------

Current thread (0x091ed400):  VMThread [stack: 0x22ebc000,0x22f3d000] [id=17102]

Stack: [0x22ebc000,0x22f3d000],  sp=0x22f3bd90,  free space=511k
Native frames: (J=compiled Java code, j=interpreted, Vv=VM code, C=native code)
V  [libjvm.so+0x6064fb]
V  [libjvm.so+0x2d37f1]
V  [libjvm.so+0x19ad85]
V  [libjvm.so+0x3c613d]
V  [libjvm.so+0x3c64bd]
V  [libjvm.so+0x3c5c1a]
V  [libjvm.so+0x477af7]
V  [libjvm.so+0x475b39]
V  [libjvm.so+0x4ecceb]
V  [libjvm.so+0x5158b7]
V  [libjvm.so+0x477baf]
V  [libjvm.so+0x6146e7]
V  [libjvm.so+0x613cfc]
V  [libjvm.so+0x613ed1]
V  [libjvm.so+0x613aaf]
V  [libjvm.so+0x506709]
C  [libpthread.so.0+0x596e]

VM_Operation (0x21df65d0): HeapIterateOperation, mode: safepoint, requested by thread 0x093adc00


---------------  P R O C E S S  ---------------

Java Threads: ( => current thread )
  0x0b183c00 JavaThread "http-8080-5" daemon [_thread_blocked, id=17154, stack(0x200bd000,0x2010e000)]
  0x0b183800 JavaThread "http-8080-4" daemon [_thread_blocked, id=17153, stack(0x2010e000,0x2015f000)]
  0x0aa19800 JavaThread "http-8080-3" daemon [_thread_blocked, id=17152, stack(0x2015f000,0x201b0000)]
  0x0aa19000 JavaThread "http-8080-2" daemon [_thread_blocked, id=17151, stack(0x201b0000,0x20201000)]
  0x0a284800 JavaThread "TP-Monitor" daemon [_thread_blocked, id=17144, stack(0x212af000,0x21300000)]
  0x0a0e2400 JavaThread "TP-Processor4" daemon [_thread_in_native, id=17143, stack(0x21a0d000,0x21a5e000)]
  0x0a02dc00 JavaThread "TP-Processor3" daemon [_thread_blocked, id=17142, stack(0x21a5e000,0x21aaf000)]
  0x0a1d2400 JavaThread "TP-Processor2" daemon [_thread_blocked, id=17141, stack(0x21aaf000,0x21b00000)]
  0x0a265000 JavaThread "TP-Processor1" daemon [_thread_blocked, id=17140, stack(0x21c12000,0x21c63000)]
  0x0a7fd000 JavaThread "http-8080-1" daemon [_thread_blocked, id=17139, stack(0x21c63000,0x21cb4000)]
  0x213f0400 JavaThread "http-8080-Acceptor-0" daemon [_thread_in_native, id=17138, stack(0x21cb4000,0x21d05000)]
  0x22607c00 JavaThread "ContainerBackgroundProcessor[StandardEngine[Catalina]]" daemon [_thread_blocked, id=17137, stack(0x21d05000,0x21d56000)]
  0x22119800 JavaThread "VClassGroupCache.RebuildGroupCacheThread" daemon [_thread_blocked, id=17131, stack(0x20213000,0x20264000)]
  0x20cb8000 JavaThread "IndexBuilder" [_thread_blocked, id=17130, stack(0x20264000,0x202b5000)]
  0x09e62800 JavaThread "Timer-0" daemon [_thread_blocked, id=17124, stack(0x21041000,0x21092000)]
  0x0a2c8400 JavaThread "pool-3-thread-1" [_thread_blocked, id=17123, stack(0x21d56000,0x21da7000)]
  0x2212e000 JavaThread "pool-1-thread-1" [_thread_blocked, id=17117, stack(0x22d34000,0x22d85000)]
  0x093adc00 JavaThread "YJPAgent-RequestListener" daemon [_thread_blocked, id=17115, stack(0x21da7000,0x21df8000)]
  0x09527800 JavaThread "YJPAgent-Telemetry" daemon [_thread_blocked, id=17114, stack(0x2291a000,0x2296b000)]
  0x22c08c00 JavaThread "Low Memory Detector" daemon [_thread_blocked, id=17111, stack(0x22a0b000,0x22a5c000)]
  0x231ccc00 JavaThread "CompilerThread1" daemon [_thread_blocked, id=17110, stack(0x22a5c000,0x22add000)]
  0x231df400 JavaThread "CompilerThread0" daemon [_thread_blocked, id=17109, stack(0x22add000,0x22b5e000)]
  0x231e0400 JavaThread "YJPAgent-OOMESnapshotDetector" daemon [_thread_in_native, id=17108, stack(0x22b5e000,0x22baf000)]
  0x231de800 JavaThread "YJPAgent-CPUSampler" daemon [_thread_blocked, id=17107, stack(0x22baf000,0x22c00000)]
  0x231e2000 JavaThread "Signal Dispatcher" daemon [_thread_blocked, id=17105, stack(0x22d85000,0x22dd6000)]
  0x23100c00 JavaThread "Finalizer" daemon [_thread_blocked, id=17104, stack(0x22e15000,0x22e66000)]
  0x092a5c00 JavaThread "Reference Handler" daemon [_thread_blocked, id=17103, stack(0x22e66000,0x22eb7000)]
  0x09199800 JavaThread "main" [_thread_in_native, id=17098, stack(0xb76a6000,0xb76f7000)]

Other Threads:
=>0x091ed400 VMThread [stack: 0x22ebc000,0x22f3d000] [id=17102]
  0x22c0a400 WatcherThread [stack: 0x2298a000,0x22a0b000] [id=17112]

VM state:at safepoint (normal execution)

VM Mutex/Monitor currently owned by a thread:  ([mutex/lock_event])
[0x091977b8] UNKNOWN - owner thread: 0x091ed400
[0x0919e418] UNKNOWN - owner thread: 0x091ed400
[0x0919e6f0] UNKNOWN - owner thread: 0x091ed400
[0x0919e828] UNKNOWN - owner thread: 0x093adc00

Heap
 PSYoungGen      total 146496K, used 71585K [0xa5830000, 0xb3bb0000, 0xb3bb0000)
  eden space 77696K, 11% used [0xa5830000,0xa610c8e0,0xaa410000)
  from space 68800K, 90% used [0xaf880000,0xb358bc50,0xb3bb0000)
  to   space 77632K, 0% used [0xaa410000,0xaa410000,0xaefe0000)
 PSOldGen        total 1149568K, used 1084340K [0x33bb0000, 0x79e50000, 0xa5830000)
  object space 1149568K, 94% used [0x33bb0000,0x75e9d058,0x79e50000)
 PSPermGen       total 41600K, used 34624K [0x23bb0000, 0x26450000, 0x33bb0000)
  object space 41600K, 83% used [0x23bb0000,0x25d80160,0x26450000)

Dynamic libraries:
00010000-00100000 rwxp 00000000 00:00 0 
00100000-00200000 rwxp 00000000 00:00 0 
00200000-00400000 rwxp 00000000 00:00 0 
00400000-00600000 rwxp 00000000 00:00 0 
00600000-00800000 rwxp 00000000 00:00 0 
00800000-00a00000 rwxp 00000000 00:00 0 
00a00000-00c00000 rwxp 00000000 00:00 0 
00c00000-00e00000 rwxp 00000000 00:00 0 
00e00000-01000000 rwxp 00000000 00:00 0 
01000000-01200000 rwxp 00000000 00:00 0 
01200000-01400000 rwxp 00000000 00:00 0 
01400000-01600000 rwxp 00000000 00:00 0 
01600000-01800000 rwxp 00000000 00:00 0 
01800000-01a00000 rwxp 00000000 00:00 0 
01a00000-01c00000 rwxp 00000000 00:00 0 
01c00000-01e00000 rwxp 00000000 00:00 0 
01e00000-02000000 rwxp 00000000 00:00 0 
02000000-02200000 rwxp 00000000 00:00 0 
02200000-02400000 rwxp 00000000 00:00 0 
02400000-02600000 rwxp 00000000 00:00 0 
02600000-02800000 rwxp 00000000 00:00 0 
02800000-02a00000 rwxp 00000000 00:00 0 
02a00000-02c00000 rwxp 00000000 00:00 0 
02c00000-02e00000 rwxp 00000000 00:00 0 
02e00000-03000000 rwxp 00000000 00:00 0 
03000000-03200000 rwxp 00000000 00:00 0 
03200000-03400000 rwxp 00000000 00:00 0 
03400000-03600000 rwxp 00000000 00:00 0 
03600000-03800000 rwxp 00000000 00:00 0 
03800000-03a00000 rwxp 00000000 00:00 0 
03a00000-03c00000 rwxp 00000000 00:00 0 
03c00000-03e00000 rwxp 00000000 00:00 0 
03e00000-04000000 rwxp 00000000 00:00 0 
04000000-04200000 rwxp 00000000 00:00 0 
04200000-04400000 rwxp 00000000 00:00 0 
04400000-04600000 rwxp 00000000 00:00 0 
04600000-04800000 rwxp 00000000 00:00 0 
04800000-04a00000 rwxp 00000000 00:00 0 
04a00000-04c00000 rwxp 00000000 00:00 0 
04c00000-04e00000 rwxp 00000000 00:00 0 
04e00000-05000000 rwxp 00000000 00:00 0 
05000000-05200000 rwxp 00000000 00:00 0 
05200000-05400000 rwxp 00000000 00:00 0 
05400000-05600000 rwxp 00000000 00:00 0 
05600000-05800000 rwxp 00000000 00:00 0 
05800000-05a00000 rwxp 00000000 00:00 0 
05a00000-05c00000 rwxp 00000000 00:00 0 
05c00000-05e00000 rwxp 00000000 00:00 0 
05e00000-06000000 rwxp 00000000 00:00 0 
06000000-06676000 r-xp 00000000 08:09 5250207    /home/opt/jdk1.6.0_11/jre/lib/i386/server/libjvm.so
06676000-066bb000 rwxp 00675000 08:09 5250207    /home/opt/jdk1.6.0_11/jre/lib/i386/server/libjvm.so
066bb000-06ade000 rwxp 00000000 00:00 0 
06ade000-06b00000 rwxp 00000000 00:00 0 
06b00000-06c00000 rwxp 00000000 00:00 0 
06c00000-06d00000 rwxp 00000000 00:00 0 
06d00000-08048000 rwxp 00000000 00:00 0 
08048000-08052000 r-xp 00000000 08:09 5254499    /home/opt/jdk1.6.0_11/bin/java
08052000-08053000 rwxp 00009000 08:09 5254499    /home/opt/jdk1.6.0_11/bin/java
08053000-08100000 rwxp 00000000 00:00 0 
08100000-08200000 rwxp 00000000 00:00 0 
08200000-08400000 rwxp 00000000 00:00 0 
08400000-08600000 rwxp 00000000 00:00 0 
08600000-08800000 rwxp 00000000 00:00 0 
08800000-08a00000 rwxp 00000000 00:00 0 
08a00000-08c00000 rwxp 00000000 00:00 0 
08c00000-08e00000 rwxp 00000000 00:00 0 
08e00000-09000000 rwxp 00000000 00:00 0 
09000000-09100000 rwxp 00000000 00:00 0 
09100000-0b84f000 rwxp 00000000 00:00 0          [heap]
0b84f000-0b900000 rwxp 00000000 00:00 0 
0b900000-0bb00000 rwxp 00000000 00:00 0 
0bb00000-0bd00000 rwxp 00000000 00:00 0 
0bd00000-0bf00000 rwxp 00000000 00:00 0 
0bf00000-0c100000 rwxp 00000000 00:00 0 
0c100000-0c300000 rwxp 00000000 00:00 0 
0c300000-0c500000 rwxp 00000000 00:00 0 
0c500000-0c700000 rwxp 00000000 00:00 0 
0c700000-0c900000 rwxp 00000000 00:00 0 
0c900000-0cb00000 rwxp 00000000 00:00 0 
0cb00000-0cd00000 rwxp 00000000 00:00 0 
0cd00000-0cf00000 rwxp 00000000 00:00 0 
0cf00000-0d100000 rwxp 00000000 00:00 0 
0d100000-0d300000 rwxp 00000000 00:00 0 
0d300000-0d500000 rwxp 00000000 00:00 0 
0d500000-0d700000 rwxp 00000000 00:00 0 
0d700000-0d900000 rwxp 00000000 00:00 0 
0d900000-0db00000 rwxp 00000000 00:00 0 
0db00000-0dd00000 rwxp 00000000 00:00 0 
0dd00000-0df00000 rwxp 00000000 00:00 0 
0df00000-0e100000 rwxp 00000000 00:00 0 
0e100000-0e300000 rwxp 00000000 00:00 0 
0e300000-0e500000 rwxp 00000000 00:00 0 
0e500000-0e700000 rwxp 00000000 00:00 0 
0e700000-0e900000 rwxp 00000000 00:00 0 
0e900000-0eb00000 rwxp 00000000 00:00 0 
0eb00000-0ed00000 rwxp 00000000 00:00 0 
0ed00000-0ef00000 rwxp 00000000 00:00 0 
0ef00000-0f100000 rwxp 00000000 00:00 0 
0f100000-0f300000 rwxp 00000000 00:00 0 
0f300000-0f500000 rwxp 00000000 00:00 0 
0f500000-0f700000 rwxp 00000000 00:00 0 
0f700000-0f900000 rwxp 00000000 00:00 0 
0f900000-0fb00000 rwxp 00000000 00:00 0 
0fb00000-0fd00000 rwxp 00000000 00:00 0 
0fd00000-0ff00000 rwxp 00000000 00:00 0 
0ff00000-10100000 rwxp 00000000 00:00 0 
10100000-10300000 rwxp 00000000 00:00 0 
10300000-10500000 rwxp 00000000 00:00 0 
10500000-10700000 rwxp 00000000 00:00 0 
10700000-10900000 rwxp 00000000 00:00 0 
10900000-10b00000 rwxp 00000000 00:00 0 
10b00000-10d00000 rwxp 00000000 00:00 0 
10d00000-10f00000 rwxp 00000000 00:00 0 
10f00000-11100000 rwxp 00000000 00:00 0 
11100000-11300000 rwxp 00000000 00:00 0 
11300000-11500000 rwxp 00000000 00:00 0 
11500000-11700000 rwxp 00000000 00:00 0 
11700000-11900000 rwxp 00000000 00:00 0 
11900000-11b00000 rwxp 00000000 00:00 0 
11b00000-11d00000 rwxp 00000000 00:00 0 
11d00000-11f00000 rwxp 00000000 00:00 0 
11f00000-12100000 rwxp 00000000 00:00 0 
12100000-12300000 rwxp 00000000 00:00 0 
12300000-12500000 rwxp 00000000 00:00 0 
12500000-12700000 rwxp 00000000 00:00 0 
12700000-12900000 rwxp 00000000 00:00 0 
12900000-12b00000 rwxp 00000000 00:00 0 
12b00000-12d00000 rwxp 00000000 00:00 0 
12d00000-12f00000 rwxp 00000000 00:00 0 
12f00000-13100000 rwxp 00000000 00:00 0 
13100000-13300000 rwxp 00000000 00:00 0 
13300000-13500000 rwxp 00000000 00:00 0 
13500000-13700000 rwxp 00000000 00:00 0 
13700000-13900000 rwxp 00000000 00:00 0 
13900000-13b00000 rwxp 00000000 00:00 0 
13b00000-13d00000 rwxp 00000000 00:00 0 
13d00000-13f00000 rwxp 00000000 00:00 0 
13f00000-14100000 rwxp 00000000 00:00 0 
14100000-14400000 rwxp 00000000 00:00 0 
14400000-14600000 rwxp 00000000 00:00 0 
14600000-14800000 rwxp 00000000 00:00 0 
14800000-14a00000 rwxp 00000000 00:00 0 
14a00000-14c00000 rwxp 00000000 00:00 0 
14c00000-14e00000 rwxp 00000000 00:00 0 
14e00000-15000000 rwxp 00000000 00:00 0 
15000000-15200000 rwxp 00000000 00:00 0 
15200000-15400000 rwxp 00000000 00:00 0 
15400000-15600000 rwxp 00000000 00:00 0 
15600000-15800000 rwxp 00000000 00:00 0 
15800000-15a00000 rwxp 00000000 00:00 0 
15a00000-15c00000 rwxp 00000000 00:00 0 
15c00000-15e00000 rwxp 00000000 00:00 0 
15e00000-16000000 rwxp 00000000 00:00 0 
16000000-16200000 rwxp 00000000 00:00 0 
16200000-16400000 rwxp 00000000 00:00 0 
16400000-16600000 rwxp 00000000 00:00 0 
16600000-16800000 rwxp 00000000 00:00 0 
16800000-16a00000 rwxp 00000000 00:00 0 
16a00000-16c00000 rwxp 00000000 00:00 0 
16c00000-16e00000 rwxp 00000000 00:00 0 
16e00000-17000000 rwxp 00000000 00:00 0 
17000000-17200000 rwxp 00000000 00:00 0 
17200000-17400000 rwxp 00000000 00:00 0 
17400000-17600000 rwxp 00000000 00:00 0 
17600000-17800000 rwxp 00000000 00:00 0 
17800000-17a00000 rwxp 00000000 00:00 0 
17a00000-17c00000 rwxp 00000000 00:00 0 
17c00000-17e00000 rwxp 00000000 00:00 0 
17e00000-18000000 rwxp 00000000 00:00 0 
18000000-18200000 rwxp 00000000 00:00 0 
18200000-18400000 rwxp 00000000 00:00 0 
18400000-18600000 rwxp 00000000 00:00 0 
18600000-18800000 rwxp 00000000 00:00 0 
18800000-18a00000 rwxp 00000000 00:00 0 
18a00000-18c00000 rwxp 00000000 00:00 0 
18c00000-18e00000 rwxp 00000000 00:00 0 
18e00000-19000000 rwxp 00000000 00:00 0 
19000000-19200000 rwxp 00000000 00:00 0 
19200000-19400000 rwxp 00000000 00:00 0 
19400000-19600000 rwxp 00000000 00:00 0 
19600000-19800000 rwxp 00000000 00:00 0 
19800000-19a00000 rwxp 00000000 00:00 0 
19a00000-19c00000 rwxp 00000000 00:00 0 
19c00000-19e00000 rwxp 00000000 00:00 0 
19e00000-1a000000 rwxp 00000000 00:00 0 
1a000000-1a200000 rwxp 00000000 00:00 0 
1a200000-1a400000 rwxp 00000000 00:00 0 
1a400000-1a600000 rwxp 00000000 00:00 0 
1a600000-1a800000 rwxp 00000000 00:00 0 
1a800000-1aa00000 rwxp 00000000 00:00 0 
1aa00000-1ac00000 rwxp 00000000 00:00 0 
1ac00000-1ae00000 rwxp 00000000 00:00 0 
1ae00000-1b000000 rwxp 00000000 00:00 0 
1b000000-1b200000 rwxp 00000000 00:00 0 
1b200000-1b400000 rwxp 00000000 00:00 0 
1b400000-1b600000 rwxp 00000000 00:00 0 
1b600000-1b800000 rwxp 00000000 00:00 0 
1b800000-1ba00000 rwxp 00000000 00:00 0 
1ba00000-1bc00000 rwxp 00000000 00:00 0 
1bc00000-1be00000 rwxp 00000000 00:00 0 
1be00000-1c000000 rwxp 00000000 00:00 0 
1c000000-1c200000 rwxp 00000000 00:00 0 
1c200000-1c400000 rwxp 00000000 00:00 0 
1c400000-1c600000 rwxp 00000000 00:00 0 
1c600000-1c800000 rwxp 00000000 00:00 0 
1c800000-1ca00000 rwxp 00000000 00:00 0 
1ca00000-1cc00000 rwxp 00000000 00:00 0 
1cc00000-1ce00000 rwxp 00000000 00:00 0 
1ce00000-1d000000 rwxp 00000000 00:00 0 
1d000000-1d200000 rwxp 00000000 00:00 0 
1d200000-1d400000 rwxp 00000000 00:00 0 
1d400000-1d600000 rwxp 00000000 00:00 0 
1d600000-1d800000 rwxp 00000000 00:00 0 
1d800000-1da00000 rwxp 00000000 00:00 0 
1da00000-1dc00000 rwxp 00000000 00:00 0 
1dc00000-1de00000 rwxp 00000000 00:00 0 
1de00000-1e000000 rwxp 00000000 00:00 0 
1e000000-1e200000 rwxp 00000000 00:00 0 
1e200000-1e300000 rwxp 00000000 00:00 0 
1e300000-1e600000 rwxp 00000000 00:00 0 
1e600000-1e800000 rwxp 00000000 00:00 0 
1e800000-1ea00000 rwxp 00000000 00:00 0 
1ea00000-1ec00000 rwxp 00000000 00:00 0 
1ec00000-1ee00000 rwxp 00000000 00:00 0 
1ee00000-1f000000 rwxp 00000000 00:00 0 
1f000000-1f200000 rwxp 00000000 00:00 0 
1f200000-1f400000 rwxp 00000000 00:00 0 
1f400000-1f600000 rwxp 00000000 00:00 0 
1f600000-1f800000 rwxp 00000000 00:00 0 
1f800000-1fa00000 rwxp 00000000 00:00 0 
1fa00000-1fc00000 rwxp 00000000 00:00 0 
1fc00000-1fe00000 rwxp 00000000 00:00 0 
1fe00000-20000000 rwxp 00000000 00:00 0 
20000000-200bd000 rwxp 00000000 00:00 0 
200bd000-200c0000 ---p 00000000 00:00 0 
200c0000-2010e000 rwxp 00000000 00:00 0 
2010e000-20111000 ---p 00000000 00:00 0 
20111000-2015f000 rwxp 00000000 00:00 0 
2015f000-20162000 ---p 00000000 00:00 0 
20162000-201b0000 rwxp 00000000 00:00 0 
201b0000-201b3000 ---p 00000000 00:00 0 
201b3000-20201000 rwxp 00000000 00:00 0 
20201000-2020b000 r-xs 00052000 08:04 825966     /usr/local/apache-tomcat-6.0.10/webapps/vivo/WEB-INF/lib/xstream-1.2.2.jar
2020b000-20213000 r-xs 00028000 08:04 826017     /usr/local/apache-tomcat-6.0.10/webapps/vivo/WEB-INF/lib/xml-apis.jar
20213000-20216000 ---p 00000000 00:00 0 
20216000-20264000 rwxp 00000000 00:00 0 
20264000-20267000 ---p 00000000 00:00 0 
20267000-202b5000 rwxp 00000000 00:00 0 
202b5000-202ba000 r-xs 00076000 08:04 825930     /usr/local/apache-tomcat-6.0.10/webapps/vivo/WEB-INF/lib/xsdlib.jar
202ba000-202d0000 r-xs 00110000 08:04 826047     /usr/local/apache-tomcat-6.0.10/webapps/vivo/WEB-INF/lib/xercesImpl.jar
202d0000-202d3000 r-xs 0001e000 08:04 826041     /usr/local/apache-tomcat-6.0.10/webapps/vivo/WEB-INF/lib/xbean-spring-2.5.jar
202d3000-2030f000 r-xs 00248000 08:04 826016     /usr/local/apache-tomcat-6.0.10/webapps/vivo/WEB-INF/lib/xbean-2.1.0.jar
2030f000-20330000 r-xs 00265000 08:04 825986     /usr/local/apache-tomcat-6.0.10/webapps/vivo/WEB-INF/lib/xalan.jar
20330000-20336000 r-xs 0006e000 08:04 825999     /usr/local/apache-tomcat-6.0.10/webapps/vivo/WEB-INF/lib/wstx-asl-3.0.0.jar
20336000-2033a000 r-xs 0001c000 08:04 826026     /usr/local/apache-tomcat-6.0.10/webapps/vivo/WEB-INF/lib/wsdl4j-1.5.2.jar
2033a000-20377000 r-xs 00294000 08:04 825961     /usr/local/apache-tomcat-6.0.10/webapps/vivo/WEB-INF/lib/spring2.5.6.jar
20377000-20500000 rwxp 00000000 00:00 0 
20500000-20600000 rwxp 00000000 00:00 0 
20600000-20601000 rwxp 00000000 00:00 0 
20601000-20603000 r-xs 00005000 08:04 826024     /usr/local/apache-tomcat-6.0.10/webapps/vivo/WEB-INF/lib/xpp3_min-1.1.3.4.O.jar
20603000-20606000 r-xs 0001f000 08:04 825950     /usr/local/apache-tomcat-6.0.10/webapps/vivo/WEB-INF/lib/trippi-1.3.2-core.jar
20606000-2060f000 r-xs 00060000 08:04 826060     /usr/local/apache-tomcat-6.0.10/webapps/vivo/WEB-INF/lib/tdb-0.8.7.jar
2060f000-20611000 r-xs 00003000 08:04 826064     /usr/local/apache-tomcat-6.0.10/webapps/vivo/WEB-INF/lib/sparqltag.jar
20611000-2063f000 r-xs 00276000 08:04 825473     /usr/local/apache-tomcat-6.0.10/webapps/vivo/WEB-INF/lib/solrjClient.jar
2063f000-20640000 r-xs 00002000 08:04 825973     /usr/local/apache-tomcat-6.0.10/webapps/vivo/WEB-INF/lib/slf4j-log4j12-1.5.6.jar
20640000-20642000 r-xs 00004000 08:04 825962     /usr/local/apache-tomcat-6.0.10/webapps/vivo/WEB-INF/lib/slf4j-api-1.5.6.jar
20642000-20648000 r-xs 00040000 08:04 826055     /usr/local/apache-tomcat-6.0.10/webapps/vivo/WEB-INF/lib/sesame-sail-rdbms-2.2.3.jar
20648000-2064b000 r-xs 00016000 08:04 826003     /usr/local/apache-tomcat-6.0.10/webapps/vivo/WEB-INF/lib/sesame-sail-nativerdf-2.2.3.jar
2064b000-2064d000 r-xs 0000c000 08:04 826071     /usr/local/apache-tomcat-6.0.10/webapps/vivo/WEB-INF/lib/sesame-sail-memory-2.2.3.jar
2064d000-2064f000 r-xs 00004000 08:04 825991     /usr/local/apache-tomcat-6.0.10/webapps/vivo/WEB-INF/lib/sesame-sail-inferencer-2.2.3.jar
2064f000-20651000 r-xs 00007000 08:04 825985     /usr/local/apache-tomcat-6.0.10/webapps/vivo/WEB-INF/lib/sesame-sail-api-2.2.3.jar
20651000-20652000 r-xs 00000000 08:04 825983     /usr/local/apache-tomcat-6.0.10/webapps/vivo/WEB-INF/lib/sesame-runtime-2.2.3.jar
20652000-20654000 r-xs 00003000 08:04 826052     /usr/local/apache-tomcat-6.0.10/webapps/vivo/WEB-INF/lib/sesame-rio-turtle-2.2.3.jar
20654000-20655000 r-xs 00002000 08:04 826043     /usr/local/apache-tomcat-6.0.10/webapps/vivo/WEB-INF/lib/sesame-rio-trix-2.2.3.jar
20655000-20656000 r-xs 00001000 08:04 825994     /usr/local/apache-tomcat-6.0.10/webapps/vivo/WEB-INF/lib/sesame-rio-trig-2.2.3.jar
20656000-20658000 r-xs 00007000 08:04 826028     /usr/local/apache-tomcat-6.0.10/webapps/vivo/WEB-INF/lib/sesame-rio-rdfxml-2.2.3.jar
20658000-2065a000 r-xs 00002000 08:04 825949     /usr/local/apache-tomcat-6.0.10/webapps/vivo/WEB-INF/lib/sesame-rio-ntriples-2.2.3.jar
2065a000-2065c000 r-xs 00000000 08:04 826040     /usr/local/apache-tomcat-6.0.10/webapps/vivo/WEB-INF/lib/sesame-rio-n3-2.2.3.jar
2065c000-2065d000 r-xs 00004000 08:04 826018     /usr/local/apache-tomcat-6.0.10/webapps/vivo/WEB-INF/lib/sesame-rio-api-2.2.3.jar
2065d000-2065f000 r-xs 00004000 08:04 825935     /usr/local/apache-tomcat-6.0.10/webapps/vivo/WEB-INF/lib/sesame-repository-sail-2.2.3.jar
2065f000-20660000 r-xs 00005000 08:04 825953     /usr/local/apache-tomcat-6.0.10/webapps/vivo/WEB-INF/lib/sesame-repository-manager-2.2.3.jar
20660000-20662000 r-xs 00003000 08:04 825946     /usr/local/apache-tomcat-6.0.10/webapps/vivo/WEB-INF/lib/sesame-repository-http-2.2.3.jar
20662000-20664000 r-xs 00003000 08:04 825996     /usr/local/apache-tomcat-6.0.10/webapps/vivo/WEB-INF/lib/sesame-repository-event-2.2.3.jar
20664000-20665000 r-xs 00002000 08:04 825937     /usr/local/apache-tomcat-6.0.10/webapps/vivo/WEB-INF/lib/sesame-repository-dataset-2.2.3.jar
20665000-20667000 r-xs 00002000 08:04 825978     /usr/local/apache-tomcat-6.0.10/webapps/vivo/WEB-INF/lib/sesame-repository-contextaware-2.2.3.jar
20667000-20669000 r-xs 00007000 08:04 826065     /usr/local/apache-tomcat-6.0.10/webapps/vivo/WEB-INF/lib/sesame-repository-api-2.2.3.jar
20669000-2066a000 r-xs 00001000 08:04 826031     /usr/local/apache-tomcat-6.0.10/webapps/vivo/WEB-INF/lib/sesame-queryresultio-text-2.2.3.jar
2066a000-2066c000 r-xs 00003000 08:04 825970     /usr/local/apache-tomcat-6.0.10/webapps/vivo/WEB-INF/lib/sesame-queryresultio-sparqlxml-2.2.3.jar
2066c000-2066d000 r-xs 00001000 08:04 825993     /usr/local/apache-tomcat-6.0.10/webapps/vivo/WEB-INF/lib/sesame-queryresultio-sparqljson-2.2.3.jar
2066d000-2066f000 r-xs 00002000 08:04 826050     /usr/local/apache-tomcat-6.0.10/webapps/vivo/WEB-INF/lib/sesame-queryresultio-binary-2.2.3.jar
2066f000-20670000 r-xs 00003000 08:04 825933     /usr/local/apache-tomcat-6.0.10/webapps/vivo/WEB-INF/lib/sesame-queryresultio-api-2.2.3.jar
20670000-20673000 r-xs 0001e000 08:04 826013     /usr/local/apache-tomcat-6.0.10/webapps/vivo/WEB-INF/lib/sesame-queryparser-sparql-2.2.3.jar
20673000-20677000 r-xs 00020000 08:04 826025     /usr/local/apache-tomcat-6.0.10/webapps/vivo/WEB-INF/lib/sesame-queryparser-serql-2.2.3.jar
20677000-20678000 r-xs 00001000 08:04 825984     /usr/local/apache-tomcat-6.0.10/webapps/vivo/WEB-INF/lib/sesame-queryparser-api-2.2.3.jar
20678000-2067b000 r-xs 00013000 08:04 826063     /usr/local/apache-tomcat-6.0.10/webapps/vivo/WEB-INF/lib/sesame-queryalgebra-model-2.2.3.jar
2067b000-2067f000 r-xs 00015000 08:04 825924     /usr/local/apache-tomcat-6.0.10/webapps/vivo/WEB-INF/lib/sesame-queryalgebra-evaluation-2.2.3.jar
2067f000-20681000 r-xs 00008000 08:04 826053     /usr/local/apache-tomcat-6.0.10/webapps/vivo/WEB-INF/lib/sesame-query-2.2.3.jar
20681000-20684000 r-xs 0000b000 08:04 825948     /usr/local/apache-tomcat-6.0.10/webapps/vivo/WEB-INF/lib/sesame-model-2.2.3.jar
20684000-20686000 r-xs 00009000 08:04 825957     /usr/local/apache-tomcat-6.0.10/webapps/vivo/WEB-INF/lib/sesame-http-server-spring-2.2.3.jar
20686000-20688000 r-xs 00004000 08:04 826023     /usr/local/apache-tomcat-6.0.10/webapps/vivo/WEB-INF/lib/sesame-http-protocol-2.2.3.jar
20688000-20689000 r-xs 00003000 08:04 826068     /usr/local/apache-tomcat-6.0.10/webapps/vivo/WEB-INF/lib/sesame-http-client-2.2.3.jar
20689000-2068a000 r-xs 00007000 08:04 826056     /usr/local/apache-tomcat-6.0.10/webapps/vivo/WEB-INF/lib/sesame-console-2.2.3.jar
2068a000-20696000 r-xs 00071000 08:04 826051     /usr/local/apache-tomcat-6.0.10/webapps/vivo/WEB-INF/lib/sdb-1.3.2.jar
20696000-2069b000 r-xs 00015000 08:04 825969     /usr/local/apache-tomcat-6.0.10/webapps/vivo/WEB-INF/lib/sdb-1.3.2-tests.jar
2069b000-206b7000 r-xs 0051b000 08:04 825952     /usr/local/apache-tomcat-6.0.10/webapps/vivo/WEB-INF/lib/saxon9he.jar
206b7000-206b8000 r-xs 00004000 08:04 825995     /usr/local/apache-tomcat-6.0.10/webapps/vivo/WEB-INF/lib/saaj.jar
206b8000-206ba000 r-xs 00004000 08:04 825968     /usr/local/apache-tomcat-6.0.10/webapps/vivo/WEB-INF/lib/rsslib4j-0.2.jar
206ba000-206bd000 r-xs 00018000 08:04 826030     /usr/local/apache-tomcat-6.0.10/webapps/vivo/WEB-INF/lib/rowset-20040728-v101.jar
206bd000-206be000 r-xs 00004000 08:04 826049     /usr/local/apache-tomcat-6.0.10/webapps/vivo/WEB-INF/lib/relaxngDatatype.jar
206be000-206c5000 r-xs 00077000 08:04 825944     /usr/local/apache-tomcat-6.0.10/webapps/vivo/WEB-INF/lib/pellet-test.jar
206c5000-206cb000 r-xs 0002d000 08:04 826005     /usr/local/apache-tomcat-6.0.10/webapps/vivo/WEB-INF/lib/pellet-rules.jar
206cb000-206d2000 r-xs 0005c000 08:04 825932     /usr/local/apache-tomcat-6.0.10/webapps/vivo/WEB-INF/lib/pellet-query.jar
206d2000-206d4000 r-xs 00010000 08:04 826007     /usr/local/apache-tomcat-6.0.10/webapps/vivo/WEB-INF/lib/pellet-pellint.jar
206d4000-206d6000 r-xs 00018000 08:04 826009     /usr/local/apache-tomcat-6.0.10/webapps/vivo/WEB-INF/lib/pellet-owlapiv3.jar
206d6000-206d8000 r-xs 00010000 08:04 826020     /usr/local/apache-tomcat-6.0.10/webapps/vivo/WEB-INF/lib/pellet-owlapi.jar
206d8000-206d9000 r-xs 0000d000 08:04 826067     /usr/local/apache-tomcat-6.0.10/webapps/vivo/WEB-INF/lib/pellet-modularity.jar
206d9000-206de000 r-xs 00029000 08:04 825934     /usr/local/apache-tomcat-6.0.10/webapps/vivo/WEB-INF/lib/pellet-jena.jar
206de000-206e0000 r-xs 00006000 08:04 826034     /usr/local/apache-tomcat-6.0.10/webapps/vivo/WEB-INF/lib/pellet-explanation.jar
206e0000-206e1000 r-xs 0000c000 08:04 825979     /usr/local/apache-tomcat-6.0.10/webapps/vivo/WEB-INF/lib/pellet-el.jar
206e1000-206e2000 r-xs 00006000 08:04 825990     /usr/local/apache-tomcat-6.0.10/webapps/vivo/WEB-INF/lib/pellet-dig.jar
206e2000-206e7000 r-xs 0003c000 08:04 826000     /usr/local/apache-tomcat-6.0.10/webapps/vivo/WEB-INF/lib/pellet-datatypes.jar
206e7000-206f0000 r-xs 00090000 08:04 826027     /usr/local/apache-tomcat-6.0.10/webapps/vivo/WEB-INF/lib/pellet-core.jar
206f0000-206f2000 r-xs 00011000 08:04 825939     /usr/local/apache-tomcat-6.0.10/webapps/vivo/WEB-INF/lib/pellet-cli.jar
206f2000-20700000 r-xs 00190000 08:04 825987     /usr/local/apache-tomcat-6.0.10/webapps/vivo/WEB-INF/lib/ojdbc14_g.jar
20700000-207f3000 rwxp 00000000 00:00 0 
207f3000-20800000 ---p 00000000 00:00 0 
20800000-208f4000 rwxp 00000000 00:00 0 
208f4000-20900000 ---p 00000000 00:00 0 
20900000-209f7000 rwxp 00000000 00:00 0 
209f7000-20a00000 ---p 00000000 00:00 0 
20a00000-20ae4000 rwxp 00000000 00:00 0 
20ae4000-20b00000 ---p 00000000 00:00 0 
20b00000-20bfa000 rwxp 00000000 00:00 0 
20bfa000-20c00000 ---p 00000000 00:00 0 
20c00000-20cfe000 rwxp 00000000 00:00 0 
20cfe000-20d00000 ---p 00000000 00:00 0 
20d00000-20dea000 rwxp 00000000 00:00 0 
20dea000-20e00000 ---p 00000000 00:00 0 
20e00000-20ee2000 rwxp 00000000 00:00 0 
20ee2000-20f00000 ---p 00000000 00:00 0 
20f00000-20fe9000 rwxp 00000000 00:00 0 
20fe9000-21000000 ---p 00000000 00:00 0 
21000000-21002000 r-xs 0000a000 08:04 826032     /usr/local/apache-tomcat-6.0.10/webapps/vivo/WEB-INF/lib/taglibs-string.jar
21002000-21004000 r-xs 00038000 08:04 825976     /usr/local/apache-tomcat-6.0.10/webapps/vivo/WEB-INF/lib/mysql-connector-java-3.0.16-ga-bin.jar
21004000-2100a000 r-xs 00059000 08:04 825959     /usr/local/apache-tomcat-6.0.10/webapps/vivo/WEB-INF/lib/mail-1.4.jar
2100a000-2100c000 r-xs 0000a000 08:04 826069     /usr/local/apache-tomcat-6.0.10/webapps/vivo/WEB-INF/lib/lucene-highlighter-2.9.3.jar
2100c000-2101f000 r-xs 000fe000 08:04 825936     /usr/local/apache-tomcat-6.0.10/webapps/vivo/WEB-INF/lib/lucene-core-2.9.3.jar
2101f000-21024000 r-xs 0002d000 08:04 826045     /usr/local/apache-tomcat-6.0.10/webapps/vivo/WEB-INF/lib/lucene-analyzers-2.9.3.jar
21024000-2102b000 r-xs 00053000 08:04 826002     /usr/local/apache-tomcat-6.0.10/webapps/vivo/WEB-INF/lib/log4j-1.2.14.jar
2102b000-21032000 r-xs 0003c000 08:04 826011     /usr/local/apache-tomcat-6.0.10/webapps/vivo/WEB-INF/lib/ldap.jar
21032000-21041000 r-xs 00071000 08:04 826035     /usr/local/apache-tomcat-6.0.10/webapps/vivo/WEB-INF/lib/joda-time-1.4.jar
21041000-21044000 ---p 00000000 00:00 0 
21044000-21092000 rwxp 00000000 00:00 0 
21092000-21093000 r-xs 00006000 08:04 825980     /usr/local/apache-tomcat-6.0.10/webapps/vivo/WEB-INF/lib/taglibs-mailer.jar
21093000-21095000 r-xs 00005000 08:04 826001     /usr/local/apache-tomcat-6.0.10/webapps/vivo/WEB-INF/lib/stax-api-1.0.1.jar
21095000-2109b000 r-xs 00034000 08:04 826014     /usr/local/apache-tomcat-6.0.10/webapps/vivo/WEB-INF/lib/junit-4.8.1.jar
2109b000-210a2000 r-xs 00028000 08:04 826073     /usr/local/apache-tomcat-6.0.10/webapps/vivo/WEB-INF/lib/jgrapht-jdk1.5.jar
210a2000-210ab000 r-xs 00065000 08:04 826004     /usr/local/apache-tomcat-6.0.10/webapps/vivo/WEB-INF/lib/jga-0.8.jar
210ab000-210ce000 r-xs 001ad000 08:04 826038     /usr/local/apache-tomcat-6.0.10/webapps/vivo/WEB-INF/lib/jena-2.6.3.jar
210ce000-210e7000 r-xs 00157000 08:04 826010     /usr/local/apache-tomcat-6.0.10/webapps/vivo/WEB-INF/lib/jena-2.6.3-tests.jar
210e7000-21100000 r-xs 0021e000 08:04 825971     /usr/local/apache-tomcat-6.0.10/webapps/vivo/WEB-INF/lib/jena-2.6.3-sources.jar
21100000-211fa000 rwxp 00000000 00:00 0 
211fa000-21200000 ---p 00000000 00:00 0 
21200000-21203000 r-xs 0003a000 08:04 825989     /usr/local/apache-tomcat-6.0.10/webapps/vivo/WEB-INF/lib/jtidy-8.0-20060801.124516-2.jar
21203000-2120e000 r-xs 000e7000 08:04 826019     /usr/local/apache-tomcat-6.0.10/webapps/vivo/WEB-INF/lib/jena-2.6.3-test-sources.jar
2120e000-21210000 r-xs 00023000 08:04 825954     /usr/local/apache-tomcat-6.0.10/webapps/vivo/WEB-INF/lib/jdom.jar
21210000-21213000 r-xs 00023000 08:04 826070     /usr/local/apache-tomcat-6.0.10/webapps/vivo/WEB-INF/lib/jdom-1.0.jar
21213000-21215000 r-xs 00003000 08:04 826054     /usr/local/apache-tomcat-6.0.10/webapps/vivo/WEB-INF/lib/jcl-over-slf4j-1.5.5.jar
21215000-21217000 r-xs 0001c000 08:04 826072     /usr/local/apache-tomcat-6.0.10/webapps/vivo/WEB-INF/lib/jcalendar.jar
21217000-21219000 r-xs 00006000 08:04 825956     /usr/local/apache-tomcat-6.0.10/webapps/vivo/WEB-INF/lib/jaxrpc.jar
21219000-2121b000 r-xs 0000e000 08:04 825974     /usr/local/apache-tomcat-6.0.10/webapps/vivo/WEB-INF/lib/jakarta-oro-2.0.8.jar
2121b000-21224000 r-xs 00058000 08:04 825981     /usr/local/apache-tomcat-6.0.10/webapps/vivo/WEB-INF/lib/jakarta-jstl1.2-standard.jar
21224000-21232000 r-xs 0065f000 08:09 5250039    /home/opt/jdk1.6.0_11/jre/lib/charsets.jar
21232000-21233000 r-xs 00003000 08:04 826076     /usr/local/apache-tomcat-6.0.10/webapps/vivo/WEB-INF/lib/taglibs-random.jar
21233000-21235000 r-xs 00004000 08:04 826039     /usr/local/apache-tomcat-6.0.10/webapps/vivo/WEB-INF/lib/jakarta-jstl1.2-jstl.jar
21235000-21249000 r-xs 001bd000 08:04 825945     /usr/local/apache-tomcat-6.0.10/webapps/vivo/WEB-INF/lib/jai_core.jar
21249000-2124d000 r-xs 0003c000 08:04 825998     /usr/local/apache-tomcat-6.0.10/webapps/vivo/WEB-INF/lib/jai_codec.jar
2124d000-21250000 r-xs 00023000 08:04 825960     /usr/local/apache-tomcat-6.0.10/webapps/vivo/WEB-INF/lib/iri-0.8.jar
21250000-21252000 r-xs 00032000 08:04 826059     /usr/local/apache-tomcat-6.0.10/webapps/vivo/WEB-INF/lib/iri-0.8-sources.jar
21252000-2126b000 r-xs 002fd000 08:04 825972     /usr/local/apache-tomcat-6.0.10/webapps/vivo/WEB-INF/lib/icu4j-3.4.4.jar
2126b000-21279000 r-xs 00170000 08:04 826057     /usr/local/apache-tomcat-6.0.10/webapps/vivo/WEB-INF/lib/iText-5.0.2.jar
21279000-2127d000 r-xs 00025000 08:04 826061     /usr/local/apache-tomcat-6.0.10/webapps/vivo/WEB-INF/lib/gson-1.4.jar
2127d000-2128d000 r-xs 000d2000 08:04 826015     /usr/local/apache-tomcat-6.0.10/webapps/vivo/WEB-INF/lib/freemarker.jar
2128d000-2129e000 r-xs 000ce000 08:04 826058     /usr/local/apache-tomcat-6.0.10/webapps/vivo/WEB-INF/lib/fedora-client.jar
2129e000-212a4000 r-xs 0004c000 08:04 826036     /usr/local/apache-tomcat-6.0.10/webapps/vivo/WEB-INF/lib/dwr-2.0.M2.8.jar
212a4000-212a9000 r-xs 00048000 08:04 826062     /usr/local/apache-tomcat-6.0.10/webapps/vivo/WEB-INF/lib/dom4j-1.6.1.jar
212a9000-212ab000 r-xs 0000c000 08:04 825997     /usr/local/apache-tomcat-6.0.10/webapps/vivo/WEB-INF/lib/cos.jar
212ab000-212af000 r-xs 0001b000 08:04 825967     /usr/local/apache-tomcat-6.0.10/webapps/vivo/WEB-INF/lib/concurrent.jar
212af000-212b2000 ---p 00000000 00:00 0 
212b2000-21300000 rwxp 00000000 00:00 0 
21300000-21500000 rwxp 00000000 00:00 0 
21500000-215fa000 rwxp 00000000 00:00 0 
215fa000-21600000 ---p 00000000 00:00 0 
21600000-21700000 rwxp 00000000 00:00 0 
21700000-217fe000 rwxp 00000000 00:00 0 
217fe000-21800000 ---p 00000000 00:00 0 
21800000-218f9000 rwxp 00000000 00:00 0 
218f9000-21900000 ---p 00000000 00:00 0 
21900000-219fb000 rwxp 00000000 00:00 0 
219fb000-21a00000 ---p 00000000 00:00 0 
21a00000-21a01000 r-xs 000c1000 08:04 825642     /usr/local/apache-tomcat-6.0.10/webapps/vivo/WEB-INF/lib/oim.vivo.scimapcore.jar
21a01000-21a03000 r-xs 0000e000 08:04 825942     /usr/local/apache-tomcat-6.0.10/webapps/vivo/WEB-INF/lib/commons-pool-1.3.jar
21a03000-21a05000 r-xs 0000d000 08:04 825951     /usr/local/apache-tomcat-6.0.10/webapps/vivo/WEB-INF/lib/commons-logging-1.1.1.jar
21a05000-21a0a000 r-xs 00041000 08:04 825925     /usr/local/apache-tomcat-6.0.10/webapps/vivo/WEB-INF/lib/commons-lang-2.6.jar
21a0a000-21a0d000 r-xs 00024000 08:04 825940     /usr/local/apache-tomcat-6.0.10/webapps/vivo/WEB-INF/lib/commons-io-2.0.1.jar
21a0d000-21a10000 ---p 00000000 00:00 0 
21a10000-21a5e000 rwxp 00000000 00:00 0 
21a5e000-21a61000 ---p 00000000 00:00 0 
21a61000-21aaf000 rwxp 00000000 00:00 0 
21aaf000-21ab2000 ---p 00000000 00:00 0 
21ab2000-21b00000 rwxp 00000000 00:00 0 
21b00000-21bff000 rwxp 00000000 00:00 0 
21bff000-21c00000 ---p 00000000 00:00 0 
21c00000-21c01000 r-xs 0000c000 08:04 825964     /usr/local/apache-tomcat-6.0.10/webapps/vivo/WEB-INF/lib/json-taglib-0.4.1.jar
21c01000-21c02000 r-xs 00002000 08:04 826044     /usr/local/apache-tomcat-6.0.10/webapps/vivo/WEB-INF/lib/csv-1.0.jar
21c02000-21c08000 r-xs 00045000 08:04 825958     /usr/local/apache-tomcat-6.0.10/webapps/vivo/WEB-INF/lib/commons-httpclient-3.1.jar
21c08000-21c0b000 r-xs 0000c000 08:04 825929     /usr/local/apache-tomcat-6.0.10/webapps/vivo/WEB-INF/lib/commons-fileupload-1.2.1.jar
21c0b000-21c0e000 r-xs 0000f000 08:04 826006     /usr/local/apache-tomcat-6.0.10/webapps/vivo/WEB-INF/lib/commons-discovery-0.2.jar
21c0e000-21c12000 r-xs 0001f000 08:04 825943     /usr/local/apache-tomcat-6.0.10/webapps/vivo/WEB-INF/lib/commons-digester-1.7.jar
21c12000-21c15000 ---p 00000000 00:00 0 
21c15000-21c63000 rwxp 00000000 00:00 0 
21c63000-21c66000 ---p 00000000 00:00 0 
21c66000-21cb4000 rwxp 00000000 00:00 0 
21cb4000-21cb7000 ---p 00000000 00:00 0 
21cb7000-21d05000 rwxp 00000000 00:00 0 
21d05000-21d08000 ---p 00000000 00:00 0 
21d08000-21d56000 rwxp 00000000 00:00 0 
21d56000-21d59000 ---p 00000000 00:00 0 
21d59000-21da7000 rwxp 00000000 00:00 0 
21da7000-21daa000 ---p 00000000 00:00 0 
21daa000-21df8000 rwxp 00000000 00:00 0 
21df8000-21df9000 rwxs 00000000 00:04 29917203   /SYSV42341491 (deleted)
21df9000-21f00000 rwxs 00000000 00:04 29884432   /SYSV42341490 (deleted)
21f00000-21ffd000 rwxp 00000000 00:00 0 
21ffd000-22000000 ---p 00000000 00:00 0 
22000000-22003000 r-xs 00025000 08:04 825931     /usr/local/apache-tomcat-6.0.10/webapps/vivo/WEB-INF/lib/commons-dbcp-1.4.jar
22003000-22011000 r-xs 0007f000 08:04 826074     /usr/local/apache-tomcat-6.0.10/webapps/vivo/WEB-INF/lib/commons-collections-3.2.1.jar
22011000-22013000 r-xs 0000a000 08:04 825977     /usr/local/apache-tomcat-6.0.10/webapps/vivo/WEB-INF/lib/commons-codec-1.3.jar
22013000-22014000 r-xs 00008000 08:04 825926     /usr/local/apache-tomcat-6.0.10/webapps/vivo/WEB-INF/lib/commons-cli-1.1.jar
22014000-22019000 r-xs 00032000 08:04 826008     /usr/local/apache-tomcat-6.0.10/webapps/vivo/WEB-INF/lib/commons-betwixt-0.7.jar
22019000-22020000 r-xs 00079000 08:04 918920     /usr/local/apache-tomcat-6.0.10/webapps/vivosolr/WEB-INF/lib/wstx-asl-3.2.7.jar
22020000-22026000 r-xs 00046000 08:04 918919     /usr/local/apache-tomcat-6.0.10/webapps/vivosolr/WEB-INF/lib/velocity-tools-2.0-beta3.jar
22026000-2203b000 r-xs 00110000 08:04 918922     /usr/local/apache-tomcat-6.0.10/webapps/vivosolr/WEB-INF/lib/lucene-core-3.1.0.jar
2203b000-2203f000 r-xs 00026000 08:04 825927     /usr/local/apache-tomcat-6.0.10/webapps/vivo/WEB-INF/lib/commons-beanutils-core.jar
2203f000-22043000 r-xs 0001e000 08:04 825923     /usr/local/apache-tomcat-6.0.10/webapps/vivo/WEB-INF/lib/aterm-java-1.6.jar
22043000-22068000 r-xs 001c8000 08:04 826033     /usr/local/apache-tomcat-6.0.10/webapps/vivo/WEB-INF/lib/arq-2.8.5.jar
22068000-2206d000 r-xs 0003c000 08:04 825941     /usr/local/apache-tomcat-6.0.10/webapps/vivo/WEB-INF/lib/arq-2.8.5-tests.jar
2206d000-22072000 r-xs 00068000 08:04 826075     /usr/local/apache-tomcat-6.0.10/webapps/vivo/WEB-INF/lib/antlr-2.7.7.jar
22072000-22074000 r-xs 00005000 08:04 826022     /usr/local/apache-tomcat-6.0.10/webapps/vivo/WEB-INF/lib/aduna-commons-xml-2.2.jar
22074000-22076000 r-xs 00003000 08:04 826037     /usr/local/apache-tomcat-6.0.10/webapps/vivo/WEB-INF/lib/aduna-commons-webapp-core-2.3.jar
22076000-22078000 r-xs 00002000 08:04 826046     /usr/local/apache-tomcat-6.0.10/webapps/vivo/WEB-INF/lib/aduna-commons-text-2.2.jar
22078000-2207a000 r-xs 00003000 08:04 825965     /usr/local/apache-tomcat-6.0.10/webapps/vivo/WEB-INF/lib/aduna-commons-platform-info-2.4.jar
2207a000-2207c000 r-xs 00002000 08:04 825963     /usr/local/apache-tomcat-6.0.10/webapps/vivo/WEB-INF/lib/aduna-commons-net-2.2.jar
2207c000-2207d000 r-xs 00002000 08:04 825928     /usr/local/apache-tomcat-6.0.10/webapps/vivo/WEB-INF/lib/aduna-commons-lang-2.2.jar
2207d000-2207e000 r-xs 00005000 08:04 826021     /usr/local/apache-tomcat-6.0.10/webapps/vivo/WEB-INF/lib/aduna-commons-iteration-2.3.jar
2207e000-22081000 rwxp 00000000 00:00 0 
22081000-220cf000 rwxp 00000000 00:00 0 
220cf000-220df000 r-xp 00000000 08:04 9220       /lib/tls/i686/cmov/libresolv-2.11.1.so
220df000-220e0000 r-xp 00010000 08:04 9220       /lib/tls/i686/cmov/libresolv-2.11.1.so
220e0000-220e1000 rwxp 00011000 08:04 9220       /lib/tls/i686/cmov/libresolv-2.11.1.so
220e1000-220e3000 rwxp 00000000 00:00 0 
220e3000-220e7000 r-xp 00000000 08:04 9213       /lib/tls/i686/cmov/libnss_dns-2.11.1.so
220e7000-220e8000 r-xp 00004000 08:04 9213       /lib/tls/i686/cmov/libnss_dns-2.11.1.so
220e8000-220e9000 rwxp 00005000 08:04 9213       /lib/tls/i686/cmov/libnss_dns-2.11.1.so
220e9000-220eb000 r-xp 00000000 08:04 60702      /lib/libnss_mdns4_minimal.so.2
220eb000-220ec000 r-xp 00001000 08:04 60702      /lib/libnss_mdns4_minimal.so.2
220ec000-220ed000 rwxp 00002000 08:04 60702      /lib/libnss_mdns4_minimal.so.2
220ed000-220ee000 r-xs 00005000 08:04 825975     /usr/local/apache-tomcat-6.0.10/webapps/vivo/WEB-INF/lib/aduna-commons-io-2.4.jar
220ee000-220ef000 r-xs 00006000 08:04 826042     /usr/local/apache-tomcat-6.0.10/webapps/vivo/WEB-INF/lib/aduna-commons-i18n-1.0.jar
220ef000-220f0000 r-xs 00003000 08:04 825988     /usr/local/apache-tomcat-6.0.10/webapps/vivo/WEB-INF/lib/aduna-commons-concurrent-2.2.jar
220f0000-220f2000 r-xs 00006000 08:04 826029     /usr/local/apache-tomcat-6.0.10/webapps/vivo/WEB-INF/lib/aduna-commons-collections-2.3.jar
220f2000-220f4000 r-xs 00004000 08:04 825992     /usr/local/apache-tomcat-6.0.10/webapps/vivo/WEB-INF/lib/aduna-appbase-core-3.4.jar
220f4000-220f6000 r-xs 0000e000 08:04 826048     /usr/local/apache-tomcat-6.0.10/webapps/vivo/WEB-INF/lib/activation-1.1.jar
220f6000-220fa000 r-xs 00018000 08:04 826066     /usr/local/apache-tomcat-6.0.10/webapps/vivo/WEB-INF/lib/XmlSchema-1.0.3.jar
220fa000-22100000 r-xs 00091000 08:09 5250038    /home/opt/jdk1.6.0_11/jre/lib/jsse.jar
22100000-221fa000 rwxp 00000000 00:00 0 
221fa000-22200000 ---p 00000000 00:00 0 
22200000-222ff000 rwxp 00000000 00:00 0 
222ff000-22300000 ---p 00000000 00:00 0 
22300000-22302000 r-xs 00004000 08:04 825922     /usr/local/apache-tomcat-6.0.10/webapps/vivo/WEB-INF/lib/aduna-appbase-webapp-base-core-3.4.jar
22302000-2230a000 r-xs 0005f000 08:04 918918     /usr/local/apache-tomcat-6.0.10/webapps/vivosolr/WEB-INF/lib/velocity-1.6.1.jar
2230a000-2230c000 r-xs 00001000 08:04 918917     /usr/local/apache-tomcat-6.0.10/webapps/vivosolr/WEB-INF/lib/slf4j-jdk14-1.5.5.jar
2230c000-2230e000 r-xs 00004000 08:04 918916     /usr/local/apache-tomcat-6.0.10/webapps/vivosolr/WEB-INF/lib/slf4j-api-1.5.5.jar
2230e000-22310000 r-xs 00005000 08:04 918928     /usr/local/apache-tomcat-6.0.10/webapps/vivosolr/WEB-INF/lib/lucene-spellchecker-3.1.0.jar
22310000-22312000 r-xs 0000c000 08:04 918927     /usr/local/apache-tomcat-6.0.10/webapps/vivosolr/WEB-INF/lib/lucene-spatial-3.1.0.jar
22312000-22314000 r-xs 0000a000 08:04 918926     /usr/local/apache-tomcat-6.0.10/webapps/vivosolr/WEB-INF/lib/lucene-queries-3.1.0.jar
22314000-2231d000 r-xs 00071000 08:04 918921     /usr/local/apache-tomcat-6.0.10/webapps/vivosolr/WEB-INF/lib/lucene-analyzers-3.1.0.jar
2231d000-2231f000 r-xs 00003000 08:04 918915     /usr/local/apache-tomcat-6.0.10/webapps/vivosolr/WEB-INF/lib/jcl-over-slf4j-1.5.5.jar
2231f000-22332000 r-xs 000d1000 08:04 918914     /usr/local/apache-tomcat-6.0.10/webapps/vivosolr/WEB-INF/lib/guava-r05.jar
22332000-22334000 r-xs 00006000 08:04 918913     /usr/local/apache-tomcat-6.0.10/webapps/vivosolr/WEB-INF/lib/geronimo-stax-api_1.0_spec-1.0.1.jar
22334000-22338000 r-xs 0003b000 08:04 918912     /usr/local/apache-tomcat-6.0.10/webapps/vivosolr/WEB-INF/lib/commons-lang-2.4.jar
22338000-2233b000 r-xs 00018000 08:04 918911     /usr/local/apache-tomcat-6.0.10/webapps/vivosolr/WEB-INF/lib/commons-io-1.4.jar
2233b000-22341000 r-xs 00045000 08:04 918910     /usr/local/apache-tomcat-6.0.10/webapps/vivosolr/WEB-INF/lib/commons-httpclient-3.1.jar
22341000-22344000 r-xs 0000c000 08:04 918909     /usr/local/apache-tomcat-6.0.10/webapps/vivosolr/WEB-INF/lib/commons-fileupload-1.2.1.jar
22344000-22345000 r-xs 00006000 08:04 918908     /usr/local/apache-tomcat-6.0.10/webapps/vivosolr/WEB-INF/lib/commons-csv-1.0-SNAPSHOT-r966014.jar
22345000-22353000 r-xs 0007f000 08:04 918907     /usr/local/apache-tomcat-6.0.10/webapps/vivosolr/WEB-INF/lib/commons-collections-3.2.1.jar
22353000-22355000 r-xs 0000d000 08:04 918906     /usr/local/apache-tomcat-6.0.10/webapps/vivosolr/WEB-INF/lib/commons-codec-1.4.jar
22355000-2235a000 r-xs 0002a000 08:04 918905     /usr/local/apache-tomcat-6.0.10/webapps/vivosolr/WEB-INF/lib/commons-beanutils-1.7.0.jar
2235a000-22360000 r-xs 0003d000 08:04 918930     /usr/local/apache-tomcat-6.0.10/webapps/vivosolr/WEB-INF/lib/apache-solr-solrj-3.1.0.jar
22360000-22362000 r-xs 00004000 08:04 918904     /usr/local/apache-tomcat-6.0.10/webapps/vivosolr/WEB-INF/lib/apache-solr-noggit-r944541.jar
22362000-22379000 r-xs 0013f000 08:04 918929     /usr/local/apache-tomcat-6.0.10/webapps/vivosolr/WEB-INF/lib/apache-solr-core-3.1.0.jar
22379000-22380000 r-xs 00110000 08:09 5250291    /home/opt/jdk1.6.0_11/jre/lib/resources.jar
22380000-22381000 r-xs 00001000 08:04 825982     /usr/local/apache-tomcat-6.0.10/webapps/vivo/WEB-INF/lib/aduna-appbase-logging-file-3.4.jar
22381000-22383000 r-xs 0000c000 08:04 918925     /usr/local/apache-tomcat-6.0.10/webapps/vivosolr/WEB-INF/lib/lucene-misc-3.1.0.jar
22383000-22385000 r-xs 00006000 08:04 918924     /usr/local/apache-tomcat-6.0.10/webapps/vivosolr/WEB-INF/lib/lucene-memory-3.1.0.jar
22385000-22387000 r-xs 00012000 08:04 918923     /usr/local/apache-tomcat-6.0.10/webapps/vivosolr/WEB-INF/lib/lucene-highlighter-3.1.0.jar
22387000-22400000 rwxp 00000000 00:00 0 
22400000-224fa000 rwxp 00000000 00:00 0 
224fa000-22500000 ---p 00000000 00:00 0 
22500000-225f9000 rwxp 00000000 00:00 0 
225f9000-22600000 ---p 00000000 00:00 0 
22600000-22800000 rwxp 00000000 00:00 0 
22800000-228fc000 rwxp 00000000 00:00 0 
228fc000-22900000 ---p 00000000 00:00 0 
22900000-2290b000 rwxp 00000000 00:00 0 
2290b000-22912000 r-xp 00000000 08:09 5250233    /home/opt/jdk1.6.0_11/jre/lib/i386/libnio.so
22912000-22913000 rwxp 00006000 08:09 5250233    /home/opt/jdk1.6.0_11/jre/lib/i386/libnio.so
22913000-22919000 r-xp 00000000 08:09 5250192    /home/opt/jdk1.6.0_11/jre/lib/i386/libmanagement.so
22919000-2291a000 rwxp 00005000 08:09 5250192    /home/opt/jdk1.6.0_11/jre/lib/i386/libmanagement.so
2291a000-2291d000 ---p 00000000 00:00 0 
2291d000-2296b000 rwxp 00000000 00:00 0 
2296b000-22973000 r-xs 00076000 08:04 525983     /usr/local/apache-tomcat-6.0.10/lib/jasper.jar
22973000-22974000 r-xs 00006000 08:04 525990     /usr/local/apache-tomcat-6.0.10/lib/el-api.jar
22974000-22976000 r-xs 00017000 08:04 525998     /usr/local/apache-tomcat-6.0.10/lib/jasper-el.jar
22976000-22977000 r-xs 00002000 08:04 525996     /usr/local/apache-tomcat-6.0.10/lib/annotations-api.jar
22977000-2297a000 r-xs 0001a000 08:04 525987     /usr/local/apache-tomcat-6.0.10/lib/catalina-ha.jar
2297a000-2297d000 r-xs 00006000 08:04 525994     /usr/local/apache-tomcat-6.0.10/lib/tomcat-i18n-fr.jar
2297d000-2298a000 r-xs 000f4000 08:04 525989     /usr/local/apache-tomcat-6.0.10/lib/catalina.jar
2298a000-2298b000 ---p 00000000 00:00 0 
2298b000-22a0b000 rwxp 00000000 00:00 0 
22a0b000-22a0e000 ---p 00000000 00:00 0 
22a0e000-22a5c000 rwxp 00000000 00:00 0 
22a5c000-22a5f000 ---p 00000000 00:00 0 
22a5f000-22add000 rwxp 00000000 00:00 0 
22add000-22ae0000 ---p 00000000 00:00 0 
22ae0000-22b5e000 rwxp 00000000 00:00 0 
22b5e000-22b61000 ---p 00000000 00:00 0 
22b61000-22baf000 rwxp 00000000 00:00 0 
22baf000-22bb2000 ---p 00000000 00:00 0 
22bb2000-22c00000 rwxp 00000000 00:00 0 
22c00000-22cfe000 rwxp 00000000 00:00 0 
22cfe000-22d00000 ---p 00000000 00:00 0 
22d00000-22d02000 r-xs 00008000 08:04 525986     /usr/local/apache-tomcat-6.0.10/lib/tomcat-i18n-ja.jar
22d02000-22d1d000 rwxp 00000000 00:00 0 
22d1d000-22d30000 r-xp 00000000 08:09 5250193    /home/opt/jdk1.6.0_11/jre/lib/i386/libnet.so
22d30000-22d31000 rwxp 00013000 08:09 5250193    /home/opt/jdk1.6.0_11/jre/lib/i386/libnet.so
22d31000-22d34000 r-xs 000cb000 08:09 5250319    /home/opt/jdk1.6.0_11/jre/lib/ext/localedata.jar
22d34000-22d37000 ---p 00000000 00:00 0 
22d37000-22d85000 rwxp 00000000 00:00 0 
22d85000-22d88000 ---p 00000000 00:00 0 
22d88000-22dd6000 rwxp 00000000 00:00 0 
22dd6000-22e15000 r-xp 00000000 08:04 795504     /usr/lib/locale/en_US.utf8/LC_CTYPE
22e15000-22e18000 ---p 00000000 00:00 0 
22e18000-22e66000 rwxp 00000000 00:00 0 
22e66000-22e69000 ---p 00000000 00:00 0 
22e69000-22eb7000 rwxp 00000000 00:00 0 
22eb7000-22ebc000 r-xs 00050000 08:06 69         /tmp/yjp201007231244.jar
22ebc000-22ebd000 ---p 00000000 00:00 0 
22ebd000-22f70000 rwxp 00000000 00:00 0 
22f70000-23100000 r-xs 02ef0000 08:09 5250275    /home/opt/jdk1.6.0_11/jre/lib/rt.jar
23100000-231f9000 rwxp 00000000 00:00 0 
231f9000-23200000 ---p 00000000 00:00 0 
23200000-2320a000 r-xs 000a2000 08:04 525984     /usr/local/apache-tomcat-6.0.10/lib/tomcat-coyote.jar
2320a000-2320c000 r-xs 00014000 08:04 525991     /usr/local/apache-tomcat-6.0.10/lib/servlet-api.jar
2320c000-2320e000 r-xs 00007000 08:04 525995     /usr/local/apache-tomcat-6.0.10/lib/tomcat-i18n-es.jar
2320e000-23210000 r-xs 00012000 08:04 525988     /usr/local/apache-tomcat-6.0.10/lib/jsp-api.jar
23210000-23212000 r-xs 0000a000 08:04 525985     /usr/local/apache-tomcat-6.0.10/lib/catalina-ant.jar
23212000-2321e000 r-xs 0013b000 08:04 525997     /usr/local/apache-tomcat-6.0.10/lib/jasper-jdt.jar
2321e000-2321f000 ---p 00000000 00:00 0 
2321f000-2329f000 rwxp 00000000 00:00 0 
2329f000-232a0000 ---p 00000000 00:00 0 
232a0000-23335000 rwxp 00000000 00:00 0 
23335000-233a0000 rwxp 00000000 00:00 0 
233a0000-235d2000 rwxp 00000000 00:00 0 
235d2000-2372f000 rwxp 00000000 00:00 0 
2372f000-23744000 rwxp 00000000 00:00 0 
23744000-237af000 rwxp 00000000 00:00 0 
237af000-239e1000 rwxp 00000000 00:00 0 
239e1000-23b3d000 rwxp 00000000 00:00 0 
23b3d000-23baf000 rwxp 00000000 00:00 0 
23baf000-26450000 rwxp 00000000 00:00 0 
26450000-33bb0000 rwxp 00000000 00:00 0 
33bb0000-79e50000 rwxp 00000000 00:00 0 
79e50000-a5830000 rwxp 00000000 00:00 0 
a5830000-b3bb0000 rwxp 00000000 00:00 0 
b3bb0000-b3bb5000 r-xs 00030000 08:04 525993     /usr/local/apache-tomcat-6.0.10/lib/catalina-tribes.jar
b3bb5000-b3bcf000 rwxp 00000000 00:00 0 
b3bcf000-b3c75000 rwxp 00000000 00:00 0 
b3c75000-b42cd000 rwxp 00000000 00:00 0 
b42cd000-b6c75000 rwxp 00000000 00:00 0 
b6c75000-b6c84000 r-xp 00000000 08:09 5250210    /home/opt/jdk1.6.0_11/jre/lib/i386/libzip.so
b6c84000-b6c86000 rwxp 0000e000 08:09 5250210    /home/opt/jdk1.6.0_11/jre/lib/i386/libzip.so
b6c86000-b6ca9000 r-xp 00000000 08:09 5250212    /home/opt/jdk1.6.0_11/jre/lib/i386/libjava.so
b6ca9000-b6cab000 rwxp 00023000 08:09 5250212    /home/opt/jdk1.6.0_11/jre/lib/i386/libjava.so
b6cab000-b6cb6000 r-xp 00000000 08:09 5250245    /home/opt/jdk1.6.0_11/jre/lib/i386/libverify.so
b6cb6000-b6cb7000 rwxp 0000b000 08:09 5250245    /home/opt/jdk1.6.0_11/jre/lib/i386/libverify.so
b6cb7000-b6cb8000 ---p 00000000 00:00 0 
b6cb8000-b74b8000 rwxp 00000000 00:00 0 
b74b8000-b74be000 r-xp 00000000 08:04 7436       /lib/tls/i686/cmov/libnss_compat-2.11.1.so
b74be000-b74bf000 r-xp 00006000 08:04 7436       /lib/tls/i686/cmov/libnss_compat-2.11.1.so
b74bf000-b74c0000 rwxp 00007000 08:04 7436       /lib/tls/i686/cmov/libnss_compat-2.11.1.so
b74c0000-b74c1000 r-xs 00001000 08:04 826012     /usr/local/apache-tomcat-6.0.10/webapps/vivo/WEB-INF/lib/aduna-appbase-logging-api-3.4.jar
b74c1000-b74c4000 r-xs 00025000 08:04 525992     /usr/local/apache-tomcat-6.0.10/lib/tomcat-dbcp.jar
b74c4000-b74cb000 r-xs 00000000 08:04 101751     /usr/lib/gconv/gconv-modules.cache
b74cb000-b74d3000 rwxs 00000000 08:06 29         /tmp/hsperfdata_bdc34/17097
b74d3000-b74fc000 rwxp 00000000 00:00 0 
b74fc000-b7647000 r-xp 00000000 08:09 2098489    /home/opt/yourkit-9.0.7/bin/linux-x86-32/libyjpagent.so
b7647000-b7661000 rwxp 0014a000 08:09 2098489    /home/opt/yourkit-9.0.7/bin/linux-x86-32/libyjpagent.so
b7661000-b7673000 rwxp 00000000 00:00 0 
b7673000-b7686000 r-xp 00000000 08:04 7422       /lib/tls/i686/cmov/libnsl-2.11.1.so
b7686000-b7687000 r-xp 00012000 08:04 7422       /lib/tls/i686/cmov/libnsl-2.11.1.so
b7687000-b7688000 rwxp 00013000 08:04 7422       /lib/tls/i686/cmov/libnsl-2.11.1.so
b7688000-b768a000 rwxp 00000000 00:00 0 
b768a000-b768c000 r-xs 00003000 08:04 525952     /usr/local/apache-tomcat-6.0.10/bin/tomcat-juli.jar
b768c000-b768e000 r-xs 00001000 08:04 525962     /usr/local/apache-tomcat-6.0.10/bin/commons-daemon.jar
b768e000-b7690000 r-xs 00003000 08:04 525959     /usr/local/apache-tomcat-6.0.10/bin/bootstrap.jar
b7690000-b7691000 rwxp 00000000 00:00 0 
b7691000-b769b000 r-xp 00000000 08:04 9214       /lib/tls/i686/cmov/libnss_files-2.11.1.so
b769b000-b769c000 r-xp 00009000 08:04 9214       /lib/tls/i686/cmov/libnss_files-2.11.1.so
b769c000-b769d000 rwxp 0000a000 08:04 9214       /lib/tls/i686/cmov/libnss_files-2.11.1.so
b769d000-b76a4000 r-xp 00000000 08:04 9221       /lib/tls/i686/cmov/librt-2.11.1.so
b76a4000-b76a5000 r-xp 00006000 08:04 9221       /lib/tls/i686/cmov/librt-2.11.1.so
b76a5000-b76a6000 rwxp 00007000 08:04 9221       /lib/tls/i686/cmov/librt-2.11.1.so
b76a6000-b76a9000 ---p 00000000 00:00 0 
b76a9000-b76f7000 rwxp 00000000 00:00 0 
b76f7000-b771b000 r-xp 00000000 08:04 6725       /lib/tls/i686/cmov/libm-2.11.1.so
b771b000-b771c000 r-xp 00023000 08:04 6725       /lib/tls/i686/cmov/libm-2.11.1.so
b771c000-b771d000 rwxp 00024000 08:04 6725       /lib/tls/i686/cmov/libm-2.11.1.so
b771d000-b771e000 rwxp 00000000 00:00 0 
b771e000-b7871000 r-xp 00000000 08:04 4024       /lib/tls/i686/cmov/libc-2.11.1.so
b7871000-b7872000 ---p 00153000 08:04 4024       /lib/tls/i686/cmov/libc-2.11.1.so
b7872000-b7874000 r-xp 00153000 08:04 4024       /lib/tls/i686/cmov/libc-2.11.1.so
b7874000-b7875000 rwxp 00155000 08:04 4024       /lib/tls/i686/cmov/libc-2.11.1.so
b7875000-b7878000 rwxp 00000000 00:00 0 
b7878000-b787a000 r-xp 00000000 08:04 5520       /lib/tls/i686/cmov/libdl-2.11.1.so
b787a000-b787b000 r-xp 00001000 08:04 5520       /lib/tls/i686/cmov/libdl-2.11.1.so
b787b000-b787c000 rwxp 00002000 08:04 5520       /lib/tls/i686/cmov/libdl-2.11.1.so
b787c000-b7883000 r-xp 00000000 08:09 5250240    /home/opt/jdk1.6.0_11/jre/lib/i386/jli/libjli.so
b7883000-b7885000 rwxp 00006000 08:09 5250240    /home/opt/jdk1.6.0_11/jre/lib/i386/jli/libjli.so
b7885000-b7886000 rwxp 00000000 00:00 0 
b7886000-b789b000 r-xp 00000000 08:04 9219       /lib/tls/i686/cmov/libpthread-2.11.1.so
b789b000-b789c000 r-xp 00014000 08:04 9219       /lib/tls/i686/cmov/libpthread-2.11.1.so
b789c000-b789d000 rwxp 00015000 08:04 9219       /lib/tls/i686/cmov/libpthread-2.11.1.so
b789d000-b789f000 rwxp 00000000 00:00 0 
b789f000-b78a7000 r-xp 00000000 08:04 9216       /lib/tls/i686/cmov/libnss_nis-2.11.1.so
b78a7000-b78a8000 r-xp 00007000 08:04 9216       /lib/tls/i686/cmov/libnss_nis-2.11.1.so
b78a8000-b78a9000 rwxp 00008000 08:04 9216       /lib/tls/i686/cmov/libnss_nis-2.11.1.so
b78a9000-b78af000 r-xp 00000000 08:09 5250222    /home/opt/jdk1.6.0_11/jre/lib/i386/native_threads/libhpi.so
b78af000-b78b0000 rwxp 00006000 08:09 5250222    /home/opt/jdk1.6.0_11/jre/lib/i386/native_threads/libhpi.so
b78b0000-b78b1000 rwxp 00000000 00:00 0 
b78b1000-b78b2000 ---p 00000000 00:00 0 
b78b2000-b78b4000 rwxp 00000000 00:00 0 
b78b4000-b78b5000 r-xp 00000000 00:00 0          [vdso]
b78b5000-b78d0000 r-xp 00000000 08:04 2817       /lib/ld-2.11.1.so
b78d0000-b78d1000 r-xp 0001a000 08:04 2817       /lib/ld-2.11.1.so
b78d1000-b78d2000 rwxp 0001b000 08:04 2817       /lib/ld-2.11.1.so
b7900000-bf800000 rwxp 00000000 00:00 0 
bf828000-bf83d000 rwxp 00000000 00:00 0          [stack]
bf900000-c0000000 rwxp 00000000 00:00 0 

VM Arguments:
jvm_args: -agentpath:/home/opt/yourkit-9.0.7/bin/linux-x86-32/libyjpagent.so=disablestacktelemetry,disableexceptiontelemetry,builtinprobes=none,delay=10000,sessionname=Tomcat -Djava.util.logging.manager=org.apache.juli.ClassLoaderLogManager -Djava.util.logging.config.file=/usr/local/tomcat/conf/logging.properties -Xmx2G -XX:MaxPermSize=256M -Dfile.encoding=UTF-8 -Djava.endorsed.dirs=/usr/local/tomcat/endorsed -Dcatalina.base=/usr/local/tomcat -Dcatalina.home=/usr/local/tomcat -Djava.io.tmpdir=/usr/local/tomcat/temp 
java_command: org.apache.catalina.startup.Bootstrap start
Launcher Type: SUN_STANDARD

Environment Variables:
JAVA_HOME=/home/opt/jdk1.6.0_11
PATH=/sbin:/usr/sbin:/home/bdc34/bin:/usr/local/sbin:/usr/local/bin:/usr/sbin:/usr/bin:/sbin:/bin:/usr/games:/home/opt/scala/bin
USERNAME=bdc34
LD_LIBRARY_PATH=/home/opt/jdk1.6.0_11/jre/lib/i386/server:/home/opt/jdk1.6.0_11/jre/lib/i386:/home/opt/jdk1.6.0_11/jre/../lib/i386
SHELL=/bin/bash
DISPLAY=:0.0

Signal Handlers:
SIGSEGV: [libjvm.so+0x606fd0], sa_mask[0]=0x7ffbfeff, sa_flags=0x10000004
SIGBUS: [libjvm.so+0x606fd0], sa_mask[0]=0x7ffbfeff, sa_flags=0x10000004
SIGFPE: [libjvm.so+0x504690], sa_mask[0]=0x7ffbfeff, sa_flags=0x10000004
SIGPIPE: [libjvm.so+0x504690], sa_mask[0]=0x7ffbfeff, sa_flags=0x10000004
SIGXFSZ: [libjvm.so+0x504690], sa_mask[0]=0x7ffbfeff, sa_flags=0x10000004
SIGILL: [libjvm.so+0x504690], sa_mask[0]=0x7ffbfeff, sa_flags=0x10000004
SIGUSR1: SIG_DFL, sa_mask[0]=0x00000000, sa_flags=0x00000000
SIGUSR2: [libjvm.so+0x506b60], sa_mask[0]=0x00000000, sa_flags=0x10000004
SIGHUP: [libjvm.so+0x506900], sa_mask[0]=0x7ffbfeff, sa_flags=0x10000004
SIGINT: SIG_IGN, sa_mask[0]=0x00000000, sa_flags=0x00000000
SIGTERM: [libjvm.so+0x506900], sa_mask[0]=0x7ffbfeff, sa_flags=0x10000004
SIGQUIT: [libjvm.so+0x506900], sa_mask[0]=0x7ffbfeff, sa_flags=0x10000004


---------------  S Y S T E M  ---------------

OS:squeeze/sid

uname:Linux 2.6.32-31-generic #61-Ubuntu SMP Fri Apr 8 18:24:35 UTC 2011 i686
libc:glibc 2.11.1 NPTL 2.11.1 
rlimit: STACK 8192k, CORE 0k, NPROC infinity, NOFILE 1024, AS infinity
load average:1.31 1.17 1.03

CPU:total 2 (2 cores per cpu, 1 threads per core) family 6 model 7 stepping 10, cmov, cx8, fxsr, mmx, sse, sse2, sse3, ssse3

Memory: 4k page, physical 3602612k(104788k free), swap 4393704k(4059592k free)

vm_info: Java HotSpot(TM) Server VM (11.0-b16) for linux-x86 JRE (1.6.0_11-b03), built on Nov 10 2008 01:21:35 by "java_re" with gcc 3.2.1-7a (J2SE release)

time: Fri Jun 24 16:18:36 2011
elapsed time: 178 seconds

